2019-03-28 14:27:08.125  INFO 15376 --- [restartedMain] c.ticketsystem.TicketSystemApplication   : Starting TicketSystemApplication on SH-Lvxutao with PID 15376 (D:\donghang\airplane\target\classes started by LVXUTAO in D:\donghang\airplane)
2019-03-28 14:27:08.126 DEBUG 15376 --- [restartedMain] c.ticketsystem.TicketSystemApplication   : Running with Spring Boot v2.0.3.RELEASE, Spring v5.0.7.RELEASE
2019-03-28 14:27:08.127  INFO 15376 --- [restartedMain] c.ticketsystem.TicketSystemApplication   : No active profile set, falling back to default profiles: default
2019-03-28 14:27:08.174  INFO 15376 --- [restartedMain] ConfigServletWebServerApplicationContext : Refreshing org.springframework.boot.web.servlet.context.AnnotationConfigServletWebServerApplicationContext@64a0c16e: startup date [Thu Mar 28 14:27:08 CST 2019]; root of context hierarchy
2019-03-28 14:27:08.770  WARN 15376 --- [restartedMain] o.m.s.mapper.ClassPathMapperScanner      : Skipping MapperFactoryBean with name 'flightMapper' and 'com.ticketsystem.dao.FlightMapper' mapperInterface. Bean already defined with the same name!
2019-03-28 14:27:08.771  WARN 15376 --- [restartedMain] o.m.s.mapper.ClassPathMapperScanner      : Skipping MapperFactoryBean with name 'orderFormMapper' and 'com.ticketsystem.dao.OrderFormMapper' mapperInterface. Bean already defined with the same name!
2019-03-28 14:27:08.771  WARN 15376 --- [restartedMain] o.m.s.mapper.ClassPathMapperScanner      : Skipping MapperFactoryBean with name 'ticketMapper' and 'com.ticketsystem.dao.TicketMapper' mapperInterface. Bean already defined with the same name!
2019-03-28 14:27:08.771  WARN 15376 --- [restartedMain] o.m.s.mapper.ClassPathMapperScanner      : Skipping MapperFactoryBean with name 'userMapper' and 'com.ticketsystem.dao.UserMapper' mapperInterface. Bean already defined with the same name!
2019-03-28 14:27:08.771  WARN 15376 --- [restartedMain] o.m.s.mapper.ClassPathMapperScanner      : No MyBatis mapper was found in '[com.ticketsystem.dao]' package. Please check your configuration.
2019-03-28 14:27:09.545  INFO 15376 --- [restartedMain] o.s.b.w.embedded.tomcat.TomcatWebServer  : Tomcat initialized with port(s): 9999 (http)
2019-03-28 14:27:09.568  INFO 15376 --- [restartedMain] o.apache.catalina.core.StandardService   : Starting service [Tomcat]
2019-03-28 14:27:09.569  INFO 15376 --- [restartedMain] org.apache.catalina.core.StandardEngine  : Starting Servlet Engine: Apache Tomcat/8.5.31
2019-03-28 14:27:09.573  INFO 15376 --- [localhost-startStop-1] o.a.catalina.core.AprLifecycleListener   : The APR based Apache Tomcat Native library which allows optimal performance in production environments was not found on the java.library.path: [C:\Program Files\Java\jdk1.8.0_191\bin;C:\Windows\Sun\Java\bin;C:\Windows\system32;C:\Windows;C:\ProgramData\DockerDesktop\version-bin;C:\Program Files\Docker\Docker\Resources\bin;C:\Windows\system32;C:\Windows;C:\Windows\System32\Wbem;C:\Windows\System32\WindowsPowerShell\v1.0\;D:\git\Git\cmd;D:\MySQL\bin;C:\Program Files\Microsoft SQL Server\120\DTS\Binn\;C:\Program Files\Microsoft SQL Server\Client SDK\ODBC\110\Tools\Binn\;C:\Program Files (x86)\Microsoft SQL Server\120\Tools\Binn\;C:\Program Files\Microsoft SQL Server\120\Tools\Binn\;C:\Program Files (x86)\Microsoft SQL Server\120\Tools\Binn\ManagementStudio\;C:\Program Files (x86)\Microsoft SQL Server\120\DTS\Binn\;D:\mysql-5.7.24-winx64\bin;D:\apache-maven-3.6.0\bin;.;C:\Program Files\Java\jdk1.8.0_191\bin;C:\Program Files\Java\jdk1.8.0_191\jre\bin;D:\Microsoft VS Code\bin;D:\BandZip\;.]
2019-03-28 14:27:09.651  INFO 15376 --- [localhost-startStop-1] o.a.c.c.C.[Tomcat].[localhost].[/]       : Initializing Spring embedded WebApplicationContext
2019-03-28 14:27:09.651  INFO 15376 --- [localhost-startStop-1] o.s.web.context.ContextLoader            : Root WebApplicationContext: initialization completed in 1477 ms
2019-03-28 14:27:09.783  INFO 15376 --- [localhost-startStop-1] o.s.b.w.servlet.ServletRegistrationBean  : Servlet dispatcherServlet mapped to [/]
2019-03-28 14:27:09.792  INFO 15376 --- [localhost-startStop-1] o.s.b.w.servlet.FilterRegistrationBean   : Mapping filter: 'characterEncodingFilter' to: [/*]
2019-03-28 14:27:09.795  INFO 15376 --- [localhost-startStop-1] o.s.b.w.servlet.FilterRegistrationBean   : Mapping filter: 'hiddenHttpMethodFilter' to: [/*]
2019-03-28 14:27:09.797  INFO 15376 --- [localhost-startStop-1] o.s.b.w.servlet.FilterRegistrationBean   : Mapping filter: 'httpPutFormContentFilter' to: [/*]
2019-03-28 14:27:09.798  INFO 15376 --- [localhost-startStop-1] o.s.b.w.servlet.FilterRegistrationBean   : Mapping filter: 'requestContextFilter' to: [/*]
2019-03-28 14:27:10.125  INFO 15376 --- [restartedMain] o.s.w.s.handler.SimpleUrlHandlerMapping  : Mapped URL path [/**/favicon.ico] onto handler of type [class org.springframework.web.servlet.resource.ResourceHttpRequestHandler]
2019-03-28 14:27:10.335  INFO 15376 --- [restartedMain] s.w.s.m.m.a.RequestMappingHandlerAdapter : Looking for @ControllerAdvice: org.springframework.boot.web.servlet.context.AnnotationConfigServletWebServerApplicationContext@64a0c16e: startup date [Thu Mar 28 14:27:08 CST 2019]; root of context hierarchy
2019-03-28 14:27:10.468  INFO 15376 --- [restartedMain] s.w.s.m.m.a.RequestMappingHandlerMapping : Mapped "{[/flight/add]}" onto public void com.ticketsystem.controller.FlightController.addFlight(com.alibaba.fastjson.JSONObject)
2019-03-28 14:27:10.469  INFO 15376 --- [restartedMain] s.w.s.m.m.a.RequestMappingHandlerMapping : Mapped "{[/flight/altFlight]}" onto public void com.ticketsystem.controller.FlightController.altFlight(com.alibaba.fastjson.JSONObject)
2019-03-28 14:27:10.469  INFO 15376 --- [restartedMain] s.w.s.m.m.a.RequestMappingHandlerMapping : Mapped "{[/flight/deleteById]}" onto public void com.ticketsystem.controller.FlightController.delFlight(com.alibaba.fastjson.JSONObject)
2019-03-28 14:27:10.470  INFO 15376 --- [restartedMain] s.w.s.m.m.a.RequestMappingHandlerMapping : Mapped "{[/flight/all]}" onto public java.util.List<com.ticketsystem.model.Flight> com.ticketsystem.controller.FlightController.getAllFlight()
2019-03-28 14:27:10.470  INFO 15376 --- [restartedMain] s.w.s.m.m.a.RequestMappingHandlerMapping : Mapped "{[/flight/flightId]}" onto public com.ticketsystem.model.Flight com.ticketsystem.controller.FlightController.getFlightById(java.util.Map<java.lang.String, java.lang.String>)
2019-03-28 14:27:10.470  INFO 15376 --- [restartedMain] s.w.s.m.m.a.RequestMappingHandlerMapping : Mapped "{[/flight/city]}" onto public java.util.List<com.ticketsystem.model.Flight> com.ticketsystem.controller.FlightController.getByCity(com.alibaba.fastjson.JSONObject)
2019-03-28 14:27:10.471  INFO 15376 --- [restartedMain] s.w.s.m.m.a.RequestMappingHandlerMapping : Mapped "{[/user]}" onto public com.ticketsystem.model.User com.ticketsystem.controller.loginController.token(java.util.Map<java.lang.String, java.lang.String>)
2019-03-28 14:27:10.472  INFO 15376 --- [restartedMain] s.w.s.m.m.a.RequestMappingHandlerMapping : Mapped "{[/form/order]}" onto public java.util.Map<java.lang.String, java.lang.Float> com.ticketsystem.controller.OrderFormController.order(com.alibaba.fastjson.JSONObject)
2019-03-28 14:27:10.472  INFO 15376 --- [restartedMain] s.w.s.m.m.a.RequestMappingHandlerMapping : Mapped "{[/form/price]}" onto public java.util.Map<java.lang.String, java.lang.Float> com.ticketsystem.controller.OrderFormController.price(com.alibaba.fastjson.JSONObject)
2019-03-28 14:27:10.472  INFO 15376 --- [restartedMain] s.w.s.m.m.a.RequestMappingHandlerMapping : Mapped "{[/form/all]}" onto public java.util.List<com.ticketsystem.model.OrderForm> com.ticketsystem.controller.OrderFormController.getAll(java.util.Map<java.lang.String, java.lang.String>)
2019-03-28 14:27:10.474  INFO 15376 --- [restartedMain] s.w.s.m.m.a.RequestMappingHandlerMapping : Mapped "{[/ticket/all]}" onto public java.util.List<com.ticketsystem.model.Ticket> com.ticketsystem.controller.TicketController.getAll()
2019-03-28 14:27:10.474  INFO 15376 --- [restartedMain] s.w.s.m.m.a.RequestMappingHandlerMapping : Mapped "{[/ticket/formId]}" onto public java.util.List<com.ticketsystem.model.Ticket> com.ticketsystem.controller.TicketController.getByFormId(java.util.Map<java.lang.String, java.lang.String>)
2019-03-28 14:27:10.474  INFO 15376 --- [restartedMain] s.w.s.m.m.a.RequestMappingHandlerMapping : Mapped "{[/ticket/ticketId]}" onto public com.ticketsystem.model.Ticket com.ticketsystem.controller.TicketController.getById(java.util.Map<java.lang.String, java.lang.String>)
2019-03-28 14:27:10.475  INFO 15376 --- [restartedMain] s.w.s.m.m.a.RequestMappingHandlerMapping : Mapped "{[/ticket/deleteById]}" onto public void com.ticketsystem.controller.TicketController.deleteTicket(com.alibaba.fastjson.JSONObject)
2019-03-28 14:27:10.475  INFO 15376 --- [restartedMain] s.w.s.m.m.a.RequestMappingHandlerMapping : Mapped "{[/ticket/altTicket]}" onto public void com.ticketsystem.controller.TicketController.alterTicket(java.util.Map<java.lang.String, java.lang.String>)
2019-03-28 14:27:10.480  INFO 15376 --- [restartedMain] s.w.s.m.m.a.RequestMappingHandlerMapping : Mapped "{[/error]}" onto public org.springframework.http.ResponseEntity<java.util.Map<java.lang.String, java.lang.Object>> org.springframework.boot.autoconfigure.web.servlet.error.BasicErrorController.error(javax.servlet.http.HttpServletRequest)
2019-03-28 14:27:10.480  INFO 15376 --- [restartedMain] s.w.s.m.m.a.RequestMappingHandlerMapping : Mapped "{[/error],produces=[text/html]}" onto public org.springframework.web.servlet.ModelAndView org.springframework.boot.autoconfigure.web.servlet.error.BasicErrorController.errorHtml(javax.servlet.http.HttpServletRequest,javax.servlet.http.HttpServletResponse)
2019-03-28 14:27:10.524  INFO 15376 --- [restartedMain] o.s.w.s.handler.SimpleUrlHandlerMapping  : Mapped URL path [/webjars/**] onto handler of type [class org.springframework.web.servlet.resource.ResourceHttpRequestHandler]
2019-03-28 14:27:10.524  INFO 15376 --- [restartedMain] o.s.w.s.handler.SimpleUrlHandlerMapping  : Mapped URL path [/**] onto handler of type [class org.springframework.web.servlet.resource.ResourceHttpRequestHandler]
2019-03-28 14:27:10.619  INFO 15376 --- [restartedMain] o.s.b.a.w.s.WelcomePageHandlerMapping    : Adding welcome page: class path resource [static/index.html]
2019-03-28 14:27:10.899  INFO 15376 --- [restartedMain] o.s.b.d.a.OptionalLiveReloadServer       : LiveReload server is running on port 35729
2019-03-28 14:27:10.927  INFO 15376 --- [restartedMain] o.s.j.e.a.AnnotationMBeanExporter        : Registering beans for JMX exposure on startup
2019-03-28 14:27:10.928  INFO 15376 --- [restartedMain] o.s.j.e.a.AnnotationMBeanExporter        : Bean with name 'dataSource' has been autodetected for JMX exposure
2019-03-28 14:27:10.933  INFO 15376 --- [restartedMain] o.s.j.e.a.AnnotationMBeanExporter        : Located MBean 'dataSource': registering with JMX server as MBean [com.zaxxer.hikari:name=dataSource,type=HikariDataSource]
2019-03-28 14:27:10.972  INFO 15376 --- [restartedMain] o.s.b.w.embedded.tomcat.TomcatWebServer  : Tomcat started on port(s): 9999 (http) with context path ''
2019-03-28 14:27:10.977  INFO 15376 --- [restartedMain] c.ticketsystem.TicketSystemApplication   : Started TicketSystemApplication in 3.219 seconds (JVM running for 6.088)
2019-03-28 14:27:29.235  INFO 15376 --- [Thread-16] ConfigServletWebServerApplicationContext : Closing org.springframework.boot.web.servlet.context.AnnotationConfigServletWebServerApplicationContext@64a0c16e: startup date [Thu Mar 28 14:27:08 CST 2019]; root of context hierarchy
2019-03-28 14:27:29.240  INFO 15376 --- [Thread-16] o.s.j.e.a.AnnotationMBeanExporter        : Unregistering JMX-exposed beans on shutdown
2019-03-28 14:27:29.240  INFO 15376 --- [Thread-16] o.s.j.e.a.AnnotationMBeanExporter        : Unregistering JMX-exposed beans
2019-03-28 14:27:34.259  INFO 11612 --- [restartedMain] c.ticketsystem.TicketSystemApplication   : Starting TicketSystemApplication on SH-Lvxutao with PID 11612 (D:\donghang\airplane\target\classes started by LVXUTAO in D:\donghang\airplane)
2019-03-28 14:27:34.260 DEBUG 11612 --- [restartedMain] c.ticketsystem.TicketSystemApplication   : Running with Spring Boot v2.0.3.RELEASE, Spring v5.0.7.RELEASE
2019-03-28 14:27:34.264  INFO 11612 --- [restartedMain] c.ticketsystem.TicketSystemApplication   : No active profile set, falling back to default profiles: default
2019-03-28 14:27:34.355  INFO 11612 --- [restartedMain] ConfigServletWebServerApplicationContext : Refreshing org.springframework.boot.web.servlet.context.AnnotationConfigServletWebServerApplicationContext@34bf9c6b: startup date [Thu Mar 28 14:27:34 CST 2019]; root of context hierarchy
2019-03-28 14:27:35.073  WARN 11612 --- [restartedMain] o.m.s.mapper.ClassPathMapperScanner      : Skipping MapperFactoryBean with name 'flightMapper' and 'com.ticketsystem.dao.FlightMapper' mapperInterface. Bean already defined with the same name!
2019-03-28 14:27:35.074  WARN 11612 --- [restartedMain] o.m.s.mapper.ClassPathMapperScanner      : Skipping MapperFactoryBean with name 'orderFormMapper' and 'com.ticketsystem.dao.OrderFormMapper' mapperInterface. Bean already defined with the same name!
2019-03-28 14:27:35.074  WARN 11612 --- [restartedMain] o.m.s.mapper.ClassPathMapperScanner      : Skipping MapperFactoryBean with name 'ticketMapper' and 'com.ticketsystem.dao.TicketMapper' mapperInterface. Bean already defined with the same name!
2019-03-28 14:27:35.074  WARN 11612 --- [restartedMain] o.m.s.mapper.ClassPathMapperScanner      : Skipping MapperFactoryBean with name 'userMapper' and 'com.ticketsystem.dao.UserMapper' mapperInterface. Bean already defined with the same name!
2019-03-28 14:27:35.074  WARN 11612 --- [restartedMain] o.m.s.mapper.ClassPathMapperScanner      : No MyBatis mapper was found in '[com.ticketsystem.dao]' package. Please check your configuration.
2019-03-28 14:27:35.801  INFO 11612 --- [restartedMain] o.s.b.w.embedded.tomcat.TomcatWebServer  : Tomcat initialized with port(s): 9999 (http)
2019-03-28 14:27:35.822  INFO 11612 --- [restartedMain] o.apache.catalina.core.StandardService   : Starting service [Tomcat]
2019-03-28 14:27:35.822  INFO 11612 --- [restartedMain] org.apache.catalina.core.StandardEngine  : Starting Servlet Engine: Apache Tomcat/8.5.31
2019-03-28 14:27:35.826  INFO 11612 --- [localhost-startStop-1] o.a.catalina.core.AprLifecycleListener   : The APR based Apache Tomcat Native library which allows optimal performance in production environments was not found on the java.library.path: [C:\Program Files\Java\jdk1.8.0_191\bin;C:\Windows\Sun\Java\bin;C:\Windows\system32;C:\Windows;C:\ProgramData\DockerDesktop\version-bin;C:\Program Files\Docker\Docker\Resources\bin;C:\Windows\system32;C:\Windows;C:\Windows\System32\Wbem;C:\Windows\System32\WindowsPowerShell\v1.0\;D:\git\Git\cmd;D:\MySQL\bin;C:\Program Files\Microsoft SQL Server\120\DTS\Binn\;C:\Program Files\Microsoft SQL Server\Client SDK\ODBC\110\Tools\Binn\;C:\Program Files (x86)\Microsoft SQL Server\120\Tools\Binn\;C:\Program Files\Microsoft SQL Server\120\Tools\Binn\;C:\Program Files (x86)\Microsoft SQL Server\120\Tools\Binn\ManagementStudio\;C:\Program Files (x86)\Microsoft SQL Server\120\DTS\Binn\;D:\mysql-5.7.24-winx64\bin;D:\apache-maven-3.6.0\bin;.;C:\Program Files\Java\jdk1.8.0_191\bin;C:\Program Files\Java\jdk1.8.0_191\jre\bin;D:\Microsoft VS Code\bin;D:\BandZip\;.]
2019-03-28 14:27:35.900  INFO 11612 --- [localhost-startStop-1] o.a.c.c.C.[Tomcat].[localhost].[/]       : Initializing Spring embedded WebApplicationContext
2019-03-28 14:27:35.901  INFO 11612 --- [localhost-startStop-1] o.s.web.context.ContextLoader            : Root WebApplicationContext: initialization completed in 1546 ms
2019-03-28 14:27:36.018  INFO 11612 --- [localhost-startStop-1] o.s.b.w.servlet.ServletRegistrationBean  : Servlet dispatcherServlet mapped to [/]
2019-03-28 14:27:36.022  INFO 11612 --- [localhost-startStop-1] o.s.b.w.servlet.FilterRegistrationBean   : Mapping filter: 'characterEncodingFilter' to: [/*]
2019-03-28 14:27:36.023  INFO 11612 --- [localhost-startStop-1] o.s.b.w.servlet.FilterRegistrationBean   : Mapping filter: 'hiddenHttpMethodFilter' to: [/*]
2019-03-28 14:27:36.023  INFO 11612 --- [localhost-startStop-1] o.s.b.w.servlet.FilterRegistrationBean   : Mapping filter: 'httpPutFormContentFilter' to: [/*]
2019-03-28 14:27:36.023  INFO 11612 --- [localhost-startStop-1] o.s.b.w.servlet.FilterRegistrationBean   : Mapping filter: 'requestContextFilter' to: [/*]
2019-03-28 14:27:36.326  INFO 11612 --- [restartedMain] o.s.w.s.handler.SimpleUrlHandlerMapping  : Mapped URL path [/**/favicon.ico] onto handler of type [class org.springframework.web.servlet.resource.ResourceHttpRequestHandler]
2019-03-28 14:27:36.538  INFO 11612 --- [restartedMain] s.w.s.m.m.a.RequestMappingHandlerAdapter : Looking for @ControllerAdvice: org.springframework.boot.web.servlet.context.AnnotationConfigServletWebServerApplicationContext@34bf9c6b: startup date [Thu Mar 28 14:27:34 CST 2019]; root of context hierarchy
2019-03-28 14:27:36.666  INFO 11612 --- [restartedMain] s.w.s.m.m.a.RequestMappingHandlerMapping : Mapped "{[/flight/flightId]}" onto public com.ticketsystem.model.Flight com.ticketsystem.controller.FlightController.getFlightById(java.util.Map<java.lang.String, java.lang.String>)
2019-03-28 14:27:36.667  INFO 11612 --- [restartedMain] s.w.s.m.m.a.RequestMappingHandlerMapping : Mapped "{[/flight/altFlight]}" onto public void com.ticketsystem.controller.FlightController.altFlight(com.alibaba.fastjson.JSONObject)
2019-03-28 14:27:36.668  INFO 11612 --- [restartedMain] s.w.s.m.m.a.RequestMappingHandlerMapping : Mapped "{[/flight/deleteById]}" onto public void com.ticketsystem.controller.FlightController.delFlight(com.alibaba.fastjson.JSONObject)
2019-03-28 14:27:36.668  INFO 11612 --- [restartedMain] s.w.s.m.m.a.RequestMappingHandlerMapping : Mapped "{[/flight/city]}" onto public java.util.List<com.ticketsystem.model.Flight> com.ticketsystem.controller.FlightController.getByCity(com.alibaba.fastjson.JSONObject)
2019-03-28 14:27:36.668  INFO 11612 --- [restartedMain] s.w.s.m.m.a.RequestMappingHandlerMapping : Mapped "{[/flight/all]}" onto public java.util.List<com.ticketsystem.model.Flight> com.ticketsystem.controller.FlightController.getAllFlight()
2019-03-28 14:27:36.668  INFO 11612 --- [restartedMain] s.w.s.m.m.a.RequestMappingHandlerMapping : Mapped "{[/flight/add]}" onto public void com.ticketsystem.controller.FlightController.addFlight(com.alibaba.fastjson.JSONObject)
2019-03-28 14:27:36.669  INFO 11612 --- [restartedMain] s.w.s.m.m.a.RequestMappingHandlerMapping : Mapped "{[/user]}" onto public com.ticketsystem.model.User com.ticketsystem.controller.loginController.token(java.util.Map<java.lang.String, java.lang.String>)
2019-03-28 14:27:36.670  INFO 11612 --- [restartedMain] s.w.s.m.m.a.RequestMappingHandlerMapping : Mapped "{[/form/order]}" onto public java.util.Map<java.lang.String, java.lang.Float> com.ticketsystem.controller.OrderFormController.order(com.alibaba.fastjson.JSONObject)
2019-03-28 14:27:36.670  INFO 11612 --- [restartedMain] s.w.s.m.m.a.RequestMappingHandlerMapping : Mapped "{[/form/all]}" onto public java.util.List<com.ticketsystem.model.OrderForm> com.ticketsystem.controller.OrderFormController.getAll(java.util.Map<java.lang.String, java.lang.String>)
2019-03-28 14:27:36.671  INFO 11612 --- [restartedMain] s.w.s.m.m.a.RequestMappingHandlerMapping : Mapped "{[/form/price]}" onto public java.util.Map<java.lang.String, java.lang.Float> com.ticketsystem.controller.OrderFormController.price(com.alibaba.fastjson.JSONObject)
2019-03-28 14:27:36.672  INFO 11612 --- [restartedMain] s.w.s.m.m.a.RequestMappingHandlerMapping : Mapped "{[/ticket/all]}" onto public java.util.List<com.ticketsystem.model.Ticket> com.ticketsystem.controller.TicketController.getAll()
2019-03-28 14:27:36.672  INFO 11612 --- [restartedMain] s.w.s.m.m.a.RequestMappingHandlerMapping : Mapped "{[/ticket/formId]}" onto public java.util.List<com.ticketsystem.model.Ticket> com.ticketsystem.controller.TicketController.getByFormId(java.util.Map<java.lang.String, java.lang.String>)
2019-03-28 14:27:36.673  INFO 11612 --- [restartedMain] s.w.s.m.m.a.RequestMappingHandlerMapping : Mapped "{[/ticket/ticketId]}" onto public com.ticketsystem.model.Ticket com.ticketsystem.controller.TicketController.getById(java.util.Map<java.lang.String, java.lang.String>)
2019-03-28 14:27:36.673  INFO 11612 --- [restartedMain] s.w.s.m.m.a.RequestMappingHandlerMapping : Mapped "{[/ticket/altTicket]}" onto public void com.ticketsystem.controller.TicketController.alterTicket(java.util.Map<java.lang.String, java.lang.String>)
2019-03-28 14:27:36.673  INFO 11612 --- [restartedMain] s.w.s.m.m.a.RequestMappingHandlerMapping : Mapped "{[/ticket/deleteById]}" onto public void com.ticketsystem.controller.TicketController.deleteTicket(com.alibaba.fastjson.JSONObject)
2019-03-28 14:27:36.677  INFO 11612 --- [restartedMain] s.w.s.m.m.a.RequestMappingHandlerMapping : Mapped "{[/error]}" onto public org.springframework.http.ResponseEntity<java.util.Map<java.lang.String, java.lang.Object>> org.springframework.boot.autoconfigure.web.servlet.error.BasicErrorController.error(javax.servlet.http.HttpServletRequest)
2019-03-28 14:27:36.678  INFO 11612 --- [restartedMain] s.w.s.m.m.a.RequestMappingHandlerMapping : Mapped "{[/error],produces=[text/html]}" onto public org.springframework.web.servlet.ModelAndView org.springframework.boot.autoconfigure.web.servlet.error.BasicErrorController.errorHtml(javax.servlet.http.HttpServletRequest,javax.servlet.http.HttpServletResponse)
2019-03-28 14:27:36.705  INFO 11612 --- [restartedMain] o.s.w.s.handler.SimpleUrlHandlerMapping  : Mapped URL path [/webjars/**] onto handler of type [class org.springframework.web.servlet.resource.ResourceHttpRequestHandler]
2019-03-28 14:27:36.705  INFO 11612 --- [restartedMain] o.s.w.s.handler.SimpleUrlHandlerMapping  : Mapped URL path [/**] onto handler of type [class org.springframework.web.servlet.resource.ResourceHttpRequestHandler]
2019-03-28 14:27:36.748  INFO 11612 --- [restartedMain] o.s.b.a.w.s.WelcomePageHandlerMapping    : Adding welcome page: class path resource [static/index.html]
2019-03-28 14:27:37.035  INFO 11612 --- [restartedMain] o.s.b.d.a.OptionalLiveReloadServer       : LiveReload server is running on port 35729
2019-03-28 14:27:37.066  INFO 11612 --- [restartedMain] o.s.j.e.a.AnnotationMBeanExporter        : Registering beans for JMX exposure on startup
2019-03-28 14:27:37.068  INFO 11612 --- [restartedMain] o.s.j.e.a.AnnotationMBeanExporter        : Bean with name 'dataSource' has been autodetected for JMX exposure
2019-03-28 14:27:37.075  INFO 11612 --- [restartedMain] o.s.j.e.a.AnnotationMBeanExporter        : Located MBean 'dataSource': registering with JMX server as MBean [com.zaxxer.hikari:name=dataSource,type=HikariDataSource]
2019-03-28 14:27:37.130  INFO 11612 --- [restartedMain] o.s.b.w.embedded.tomcat.TomcatWebServer  : Tomcat started on port(s): 9999 (http) with context path ''
2019-03-28 14:27:37.136  INFO 11612 --- [restartedMain] c.ticketsystem.TicketSystemApplication   : Started TicketSystemApplication in 3.384 seconds (JVM running for 4.37)
2019-03-28 14:27:59.882  INFO 11612 --- [Thread-16] ConfigServletWebServerApplicationContext : Closing org.springframework.boot.web.servlet.context.AnnotationConfigServletWebServerApplicationContext@34bf9c6b: startup date [Thu Mar 28 14:27:34 CST 2019]; root of context hierarchy
2019-03-28 14:27:59.887  INFO 11612 --- [Thread-16] o.s.j.e.a.AnnotationMBeanExporter        : Unregistering JMX-exposed beans on shutdown
2019-03-28 14:27:59.887  INFO 11612 --- [Thread-16] o.s.j.e.a.AnnotationMBeanExporter        : Unregistering JMX-exposed beans
2019-03-28 14:29:26.079  INFO 8072 --- [restartedMain] c.ticketsystem.TicketSystemApplication   : Starting TicketSystemApplication on SH-Lvxutao with PID 8072 (D:\donghang\airplane\target\classes started by LVXUTAO in D:\donghang\airplane)
2019-03-28 14:29:26.080 DEBUG 8072 --- [restartedMain] c.ticketsystem.TicketSystemApplication   : Running with Spring Boot v2.0.3.RELEASE, Spring v5.0.7.RELEASE
2019-03-28 14:29:26.082  INFO 8072 --- [restartedMain] c.ticketsystem.TicketSystemApplication   : No active profile set, falling back to default profiles: default
2019-03-28 14:29:26.139  INFO 8072 --- [restartedMain] ConfigServletWebServerApplicationContext : Refreshing org.springframework.boot.web.servlet.context.AnnotationConfigServletWebServerApplicationContext@71c8837f: startup date [Thu Mar 28 14:29:26 CST 2019]; root of context hierarchy
2019-03-28 14:29:26.723  WARN 8072 --- [restartedMain] o.m.s.mapper.ClassPathMapperScanner      : Skipping MapperFactoryBean with name 'flightMapper' and 'com.ticketsystem.dao.FlightMapper' mapperInterface. Bean already defined with the same name!
2019-03-28 14:29:26.723  WARN 8072 --- [restartedMain] o.m.s.mapper.ClassPathMapperScanner      : Skipping MapperFactoryBean with name 'orderFormMapper' and 'com.ticketsystem.dao.OrderFormMapper' mapperInterface. Bean already defined with the same name!
2019-03-28 14:29:26.724  WARN 8072 --- [restartedMain] o.m.s.mapper.ClassPathMapperScanner      : Skipping MapperFactoryBean with name 'ticketMapper' and 'com.ticketsystem.dao.TicketMapper' mapperInterface. Bean already defined with the same name!
2019-03-28 14:29:26.724  WARN 8072 --- [restartedMain] o.m.s.mapper.ClassPathMapperScanner      : Skipping MapperFactoryBean with name 'userMapper' and 'com.ticketsystem.dao.UserMapper' mapperInterface. Bean already defined with the same name!
2019-03-28 14:29:26.724  WARN 8072 --- [restartedMain] o.m.s.mapper.ClassPathMapperScanner      : No MyBatis mapper was found in '[com.ticketsystem.dao]' package. Please check your configuration.
2019-03-28 14:29:27.575  INFO 8072 --- [restartedMain] o.s.b.w.embedded.tomcat.TomcatWebServer  : Tomcat initialized with port(s): 9999 (http)
2019-03-28 14:29:27.594  INFO 8072 --- [restartedMain] o.apache.catalina.core.StandardService   : Starting service [Tomcat]
2019-03-28 14:29:27.595  INFO 8072 --- [restartedMain] org.apache.catalina.core.StandardEngine  : Starting Servlet Engine: Apache Tomcat/8.5.31
2019-03-28 14:29:27.598  INFO 8072 --- [localhost-startStop-1] o.a.catalina.core.AprLifecycleListener   : The APR based Apache Tomcat Native library which allows optimal performance in production environments was not found on the java.library.path: [C:\Program Files\Java\jdk1.8.0_191\bin;C:\Windows\Sun\Java\bin;C:\Windows\system32;C:\Windows;C:\ProgramData\DockerDesktop\version-bin;C:\Program Files\Docker\Docker\Resources\bin;C:\Windows\system32;C:\Windows;C:\Windows\System32\Wbem;C:\Windows\System32\WindowsPowerShell\v1.0\;D:\git\Git\cmd;D:\MySQL\bin;C:\Program Files\Microsoft SQL Server\120\DTS\Binn\;C:\Program Files\Microsoft SQL Server\Client SDK\ODBC\110\Tools\Binn\;C:\Program Files (x86)\Microsoft SQL Server\120\Tools\Binn\;C:\Program Files\Microsoft SQL Server\120\Tools\Binn\;C:\Program Files (x86)\Microsoft SQL Server\120\Tools\Binn\ManagementStudio\;C:\Program Files (x86)\Microsoft SQL Server\120\DTS\Binn\;D:\mysql-5.7.24-winx64\bin;D:\apache-maven-3.6.0\bin;.;C:\Program Files\Java\jdk1.8.0_191\bin;C:\Program Files\Java\jdk1.8.0_191\jre\bin;D:\Microsoft VS Code\bin;D:\BandZip\;.]
2019-03-28 14:29:27.668  INFO 8072 --- [localhost-startStop-1] o.a.c.c.C.[Tomcat].[localhost].[/]       : Initializing Spring embedded WebApplicationContext
2019-03-28 14:29:27.668  INFO 8072 --- [localhost-startStop-1] o.s.web.context.ContextLoader            : Root WebApplicationContext: initialization completed in 1529 ms
2019-03-28 14:29:27.794  INFO 8072 --- [localhost-startStop-1] o.s.b.w.servlet.ServletRegistrationBean  : Servlet dispatcherServlet mapped to [/]
2019-03-28 14:29:27.800  INFO 8072 --- [localhost-startStop-1] o.s.b.w.servlet.FilterRegistrationBean   : Mapping filter: 'characterEncodingFilter' to: [/*]
2019-03-28 14:29:27.801  INFO 8072 --- [localhost-startStop-1] o.s.b.w.servlet.FilterRegistrationBean   : Mapping filter: 'hiddenHttpMethodFilter' to: [/*]
2019-03-28 14:29:27.801  INFO 8072 --- [localhost-startStop-1] o.s.b.w.servlet.FilterRegistrationBean   : Mapping filter: 'httpPutFormContentFilter' to: [/*]
2019-03-28 14:29:27.801  INFO 8072 --- [localhost-startStop-1] o.s.b.w.servlet.FilterRegistrationBean   : Mapping filter: 'requestContextFilter' to: [/*]
2019-03-28 14:29:28.141  INFO 8072 --- [restartedMain] o.s.w.s.handler.SimpleUrlHandlerMapping  : Mapped URL path [/**/favicon.ico] onto handler of type [class org.springframework.web.servlet.resource.ResourceHttpRequestHandler]
2019-03-28 14:29:28.363  INFO 8072 --- [restartedMain] s.w.s.m.m.a.RequestMappingHandlerAdapter : Looking for @ControllerAdvice: org.springframework.boot.web.servlet.context.AnnotationConfigServletWebServerApplicationContext@71c8837f: startup date [Thu Mar 28 14:29:26 CST 2019]; root of context hierarchy
2019-03-28 14:29:28.493  INFO 8072 --- [restartedMain] s.w.s.m.m.a.RequestMappingHandlerMapping : Mapped "{[/flight/flightId]}" onto public com.ticketsystem.model.Flight com.ticketsystem.controller.FlightController.getFlightById(java.util.Map<java.lang.String, java.lang.String>)
2019-03-28 14:29:28.494  INFO 8072 --- [restartedMain] s.w.s.m.m.a.RequestMappingHandlerMapping : Mapped "{[/flight/altFlight]}" onto public void com.ticketsystem.controller.FlightController.altFlight(com.alibaba.fastjson.JSONObject)
2019-03-28 14:29:28.494  INFO 8072 --- [restartedMain] s.w.s.m.m.a.RequestMappingHandlerMapping : Mapped "{[/flight/deleteById]}" onto public void com.ticketsystem.controller.FlightController.delFlight(com.alibaba.fastjson.JSONObject)
2019-03-28 14:29:28.495  INFO 8072 --- [restartedMain] s.w.s.m.m.a.RequestMappingHandlerMapping : Mapped "{[/flight/city]}" onto public java.util.List<com.ticketsystem.model.Flight> com.ticketsystem.controller.FlightController.getByCity(com.alibaba.fastjson.JSONObject)
2019-03-28 14:29:28.495  INFO 8072 --- [restartedMain] s.w.s.m.m.a.RequestMappingHandlerMapping : Mapped "{[/flight/all]}" onto public java.util.List<com.ticketsystem.model.Flight> com.ticketsystem.controller.FlightController.getAllFlight()
2019-03-28 14:29:28.495  INFO 8072 --- [restartedMain] s.w.s.m.m.a.RequestMappingHandlerMapping : Mapped "{[/flight/add]}" onto public void com.ticketsystem.controller.FlightController.addFlight(com.alibaba.fastjson.JSONObject)
2019-03-28 14:29:28.495  INFO 8072 --- [restartedMain] s.w.s.m.m.a.RequestMappingHandlerMapping : Mapped "{[/user]}" onto public com.ticketsystem.model.User com.ticketsystem.controller.loginController.token(java.util.Map<java.lang.String, java.lang.String>)
2019-03-28 14:29:28.497  INFO 8072 --- [restartedMain] s.w.s.m.m.a.RequestMappingHandlerMapping : Mapped "{[/form/order]}" onto public java.util.Map<java.lang.String, java.lang.Float> com.ticketsystem.controller.OrderFormController.order(com.alibaba.fastjson.JSONObject)
2019-03-28 14:29:28.497  INFO 8072 --- [restartedMain] s.w.s.m.m.a.RequestMappingHandlerMapping : Mapped "{[/form/all]}" onto public java.util.List<com.ticketsystem.model.OrderForm> com.ticketsystem.controller.OrderFormController.getAll(java.util.Map<java.lang.String, java.lang.String>)
2019-03-28 14:29:28.497  INFO 8072 --- [restartedMain] s.w.s.m.m.a.RequestMappingHandlerMapping : Mapped "{[/form/price]}" onto public java.util.Map<java.lang.String, java.lang.Float> com.ticketsystem.controller.OrderFormController.price(com.alibaba.fastjson.JSONObject)
2019-03-28 14:29:28.498  INFO 8072 --- [restartedMain] s.w.s.m.m.a.RequestMappingHandlerMapping : Mapped "{[/ticket/all]}" onto public java.util.List<com.ticketsystem.model.Ticket> com.ticketsystem.controller.TicketController.getAll()
2019-03-28 14:29:28.499  INFO 8072 --- [restartedMain] s.w.s.m.m.a.RequestMappingHandlerMapping : Mapped "{[/ticket/altTicket]}" onto public void com.ticketsystem.controller.TicketController.alterTicket(java.util.Map<java.lang.String, java.lang.String>)
2019-03-28 14:29:28.499  INFO 8072 --- [restartedMain] s.w.s.m.m.a.RequestMappingHandlerMapping : Mapped "{[/ticket/formId]}" onto public java.util.List<com.ticketsystem.model.Ticket> com.ticketsystem.controller.TicketController.getByFormId(java.util.Map<java.lang.String, java.lang.String>)
2019-03-28 14:29:28.500  INFO 8072 --- [restartedMain] s.w.s.m.m.a.RequestMappingHandlerMapping : Mapped "{[/ticket/ticketId]}" onto public com.ticketsystem.model.Ticket com.ticketsystem.controller.TicketController.getById(java.util.Map<java.lang.String, java.lang.String>)
2019-03-28 14:29:28.500  INFO 8072 --- [restartedMain] s.w.s.m.m.a.RequestMappingHandlerMapping : Mapped "{[/ticket/deleteById]}" onto public void com.ticketsystem.controller.TicketController.deleteTicket(com.alibaba.fastjson.JSONObject)
2019-03-28 14:29:28.504  INFO 8072 --- [restartedMain] s.w.s.m.m.a.RequestMappingHandlerMapping : Mapped "{[/error]}" onto public org.springframework.http.ResponseEntity<java.util.Map<java.lang.String, java.lang.Object>> org.springframework.boot.autoconfigure.web.servlet.error.BasicErrorController.error(javax.servlet.http.HttpServletRequest)
2019-03-28 14:29:28.505  INFO 8072 --- [restartedMain] s.w.s.m.m.a.RequestMappingHandlerMapping : Mapped "{[/error],produces=[text/html]}" onto public org.springframework.web.servlet.ModelAndView org.springframework.boot.autoconfigure.web.servlet.error.BasicErrorController.errorHtml(javax.servlet.http.HttpServletRequest,javax.servlet.http.HttpServletResponse)
2019-03-28 14:29:28.532  INFO 8072 --- [restartedMain] o.s.w.s.handler.SimpleUrlHandlerMapping  : Mapped URL path [/webjars/**] onto handler of type [class org.springframework.web.servlet.resource.ResourceHttpRequestHandler]
2019-03-28 14:29:28.532  INFO 8072 --- [restartedMain] o.s.w.s.handler.SimpleUrlHandlerMapping  : Mapped URL path [/**] onto handler of type [class org.springframework.web.servlet.resource.ResourceHttpRequestHandler]
2019-03-28 14:29:28.584  INFO 8072 --- [restartedMain] o.s.b.a.w.s.WelcomePageHandlerMapping    : Adding welcome page: class path resource [static/index.html]
2019-03-28 14:29:28.842  INFO 8072 --- [restartedMain] o.s.b.d.a.OptionalLiveReloadServer       : LiveReload server is running on port 35729
2019-03-28 14:29:28.867  INFO 8072 --- [restartedMain] o.s.j.e.a.AnnotationMBeanExporter        : Registering beans for JMX exposure on startup
2019-03-28 14:29:28.868  INFO 8072 --- [restartedMain] o.s.j.e.a.AnnotationMBeanExporter        : Bean with name 'dataSource' has been autodetected for JMX exposure
2019-03-28 14:29:28.873  INFO 8072 --- [restartedMain] o.s.j.e.a.AnnotationMBeanExporter        : Located MBean 'dataSource': registering with JMX server as MBean [com.zaxxer.hikari:name=dataSource,type=HikariDataSource]
2019-03-28 14:29:28.909  INFO 8072 --- [restartedMain] o.s.b.w.embedded.tomcat.TomcatWebServer  : Tomcat started on port(s): 9999 (http) with context path ''
2019-03-28 14:29:28.913  INFO 8072 --- [restartedMain] c.ticketsystem.TicketSystemApplication   : Started TicketSystemApplication in 3.217 seconds (JVM running for 5.014)
